C51 COMPILER V9.60.0.0   WLDD0_1                                                           07/04/2019 18:24:44 PAGE 1   


C51 COMPILER V9.60.0.0, COMPILATION OF MODULE WLDD0_1
OBJECT MODULE PLACED IN .\Objects\wldd0.1.obj
COMPILER INVOKED BY: C:\Keil_v5\C51\BIN\C51.EXE wldd0.1.c OPTIMIZE(8,SPEED) BROWSE DEBUG OBJECTEXTEND PRINT(.\Listings\w
                    -ldd0.1.lst) TABS(2) OBJECT(.\Objects\wldd0.1.obj)

line level    source

   1          //基于AT89C52平台，借助ADC0809检测电位变化，使用共阳数码管显示，数值0~100
   2          #include<reg52.h>
   3          
   4          unsigned char code dispbitcode[]={0xc0,0xf9,0xa4,0xb0,0x99,0x92,0x82,0xf8,0x80,0x90,0x88,0x83,0xc6,0xa1,0x
             -86,0x8e};
   5          unsigned char dispbuf[4];
   6          unsigned int i;
   7          unsigned int j;
   8          unsigned char getdata;
   9          unsigned int temp;
  10          
  11          unsigned char count;
  12          unsigned char d;
  13          sbit ST=P2^0;
  14          sbit OE=P2^1;
  15          sbit EOC=P2^2;
  16          sbit CLK=P2^3;
  17          sbit P34=P2^4;
  18          sbit P35=P2^5;
  19          sbit P36=P2^6;
  20          sbit P30=P3^0;
  21          sbit P31=P3^1;
  22          sbit P32=P3^2;
  23          sbit P33=P3^3;
  24          sbit P17=P1^7;
  25          void TimeInitial();
  26          void Delay(unsigned int i);
  27          
  28          void t1(void) interrupt 3 using 0
  29          {
  30   1        TH1=(65536-200)/256;
  31   1        TL1=(65536-200)%256;
  32   1        CLK=~CLK;
  33   1      }
  34          void TimeInitial()
  35          { 
  36   1        TMOD=0x10;
  37   1        TH1=(65536-200)/256;
  38   1        TL1=(65536-200)%256;
  39   1        EA=1;
  40   1        ET1=1;
  41   1        TR1=1;
  42   1      }
  43          void Delay(unsigned int i)
  44          {
  45   1        unsigned int j;
  46   1        for(;i>0;i--)
  47   1        {
  48   2         for(j=0;j<125;j++)
  49   2        {;}
  50   2        }
  51   1      }
  52          
  53          void Display()
C51 COMPILER V9.60.0.0   WLDD0_1                                                           07/04/2019 18:24:44 PAGE 2   

  54          { 
  55   1        P1=dispbitcode[dispbuf[3]];
  56   1        P30=1;
  57   1        P31=0;
  58   1        P32=0;
  59   1        P33=0;
  60   1        Delay(7);
  61   1        P1=0xff;
  62   1        P1=dispbitcode[dispbuf[2]];
  63   1        P30=0;
  64   1        P31=1;
  65   1        P32=0;
  66   1        P33=0;
  67   1        Delay(7); 
  68   1        P1=0xff;
  69   1        P1=dispbitcode[dispbuf[1]];
  70   1        P30=0;
  71   1        P31=0;
  72   1        P32=1;
  73   1        P33=0;
  74   1        Delay(7);
  75   1        P1=0xff;
  76   1        P1=dispbitcode[dispbuf[0]];
  77   1        P30=0;
  78   1        P31=0;
  79   1        P32=0;
  80   1        P33=1;
  81   1        Delay(7);
  82   1        P1=0xff;
  83   1      }
  84          void main()
  85          {
  86   1        TimeInitial();
  87   1        while(1)
  88   1        {
  89   2          ST=0;
  90   2          OE=0;
  91   2          ST=1;
  92   2          ST=0;
  93   2          P34=0;
  94   2          P35=0;
  95   2          P36=0;
  96   2          while(EOC==0);
  97   2          OE=1;
  98   2          getdata=P0;
  99   2          OE=0;
 100   2          temp=getdata*1.0/255*100;
 101   2          dispbuf[0]=temp%10;
 102   2          dispbuf[1]=temp/10%10;
 103   2          dispbuf[2]=temp/100%10;
 104   2          dispbuf[3]=temp/1000;
 105   2          Display();
 106   2        }
 107   1      }


MODULE INFORMATION:   STATIC OVERLAYABLE
   CODE SIZE        =    261    ----
   CONSTANT SIZE    =     16    ----
   XDATA SIZE       =   ----    ----
   PDATA SIZE       =   ----    ----
   DATA SIZE        =     13    ----
C51 COMPILER V9.60.0.0   WLDD0_1                                                           07/04/2019 18:24:44 PAGE 3   

   IDATA SIZE       =   ----    ----
   BIT SIZE         =   ----    ----
END OF MODULE INFORMATION.


C51 COMPILATION COMPLETE.  0 WARNING(S),  0 ERROR(S)
